D:\My Documents\kenns\Documents\Schoolwork\Graduate\CSE598-Computer Graphic\Assignment3\Assignment3\Debug\cl.command.1.tlog
D:\My Documents\kenns\Documents\Schoolwork\Graduate\CSE598-Computer Graphic\Assignment3\Assignment3\Debug\CL.read.1.tlog
D:\My Documents\kenns\Documents\Schoolwork\Graduate\CSE598-Computer Graphic\Assignment3\Assignment3\Debug\CL.write.1.tlog
D:\MY DOCUMENTS\KENNS\DOCUMENTS\SCHOOLWORK\GRADUATE\CSE598-COMPUTER GRAPHIC\ASSIGNMENT3\ASSIGNMENT3\DEBUG\FREEGLUT_CALLBACKS.OBJ
D:\MY DOCUMENTS\KENNS\DOCUMENTS\SCHOOLWORK\GRADUATE\CSE598-COMPUTER GRAPHIC\ASSIGNMENT3\ASSIGNMENT3\DEBUG\FREEGLUT_CURSOR.OBJ
D:\MY DOCUMENTS\KENNS\DOCUMENTS\SCHOOLWORK\GRADUATE\CSE598-COMPUTER GRAPHIC\ASSIGNMENT3\ASSIGNMENT3\DEBUG\FREEGLUT_DISPLAY.OBJ
D:\MY DOCUMENTS\KENNS\DOCUMENTS\SCHOOLWORK\GRADUATE\CSE598-COMPUTER GRAPHIC\ASSIGNMENT3\ASSIGNMENT3\DEBUG\FREEGLUT_EXT.OBJ
D:\MY DOCUMENTS\KENNS\DOCUMENTS\SCHOOLWORK\GRADUATE\CSE598-COMPUTER GRAPHIC\ASSIGNMENT3\ASSIGNMENT3\DEBUG\FREEGLUT_FONT.OBJ
D:\MY DOCUMENTS\KENNS\DOCUMENTS\SCHOOLWORK\GRADUATE\CSE598-COMPUTER GRAPHIC\ASSIGNMENT3\ASSIGNMENT3\DEBUG\FREEGLUT_FONT_DATA.OBJ
D:\MY DOCUMENTS\KENNS\DOCUMENTS\SCHOOLWORK\GRADUATE\CSE598-COMPUTER GRAPHIC\ASSIGNMENT3\ASSIGNMENT3\DEBUG\FREEGLUT_GAMEMODE.OBJ
D:\MY DOCUMENTS\KENNS\DOCUMENTS\SCHOOLWORK\GRADUATE\CSE598-COMPUTER GRAPHIC\ASSIGNMENT3\ASSIGNMENT3\DEBUG\FREEGLUT_GEOMETRY.OBJ
D:\MY DOCUMENTS\KENNS\DOCUMENTS\SCHOOLWORK\GRADUATE\CSE598-COMPUTER GRAPHIC\ASSIGNMENT3\ASSIGNMENT3\DEBUG\FREEGLUT_GLUTFONT_DEFINITIONS.OBJ
D:\MY DOCUMENTS\KENNS\DOCUMENTS\SCHOOLWORK\GRADUATE\CSE598-COMPUTER GRAPHIC\ASSIGNMENT3\ASSIGNMENT3\DEBUG\FREEGLUT_INIT.OBJ
D:\MY DOCUMENTS\KENNS\DOCUMENTS\SCHOOLWORK\GRADUATE\CSE598-COMPUTER GRAPHIC\ASSIGNMENT3\ASSIGNMENT3\DEBUG\FREEGLUT_JOYSTICK.OBJ
D:\MY DOCUMENTS\KENNS\DOCUMENTS\SCHOOLWORK\GRADUATE\CSE598-COMPUTER GRAPHIC\ASSIGNMENT3\ASSIGNMENT3\DEBUG\FREEGLUT_MAIN.OBJ
D:\MY DOCUMENTS\KENNS\DOCUMENTS\SCHOOLWORK\GRADUATE\CSE598-COMPUTER GRAPHIC\ASSIGNMENT3\ASSIGNMENT3\DEBUG\FREEGLUT_MENU.OBJ
D:\MY DOCUMENTS\KENNS\DOCUMENTS\SCHOOLWORK\GRADUATE\CSE598-COMPUTER GRAPHIC\ASSIGNMENT3\ASSIGNMENT3\DEBUG\FREEGLUT_MISC.OBJ
D:\MY DOCUMENTS\KENNS\DOCUMENTS\SCHOOLWORK\GRADUATE\CSE598-COMPUTER GRAPHIC\ASSIGNMENT3\ASSIGNMENT3\DEBUG\FREEGLUT_OVERLAY.OBJ
D:\MY DOCUMENTS\KENNS\DOCUMENTS\SCHOOLWORK\GRADUATE\CSE598-COMPUTER GRAPHIC\ASSIGNMENT3\ASSIGNMENT3\DEBUG\FREEGLUT_STATE.OBJ
D:\MY DOCUMENTS\KENNS\DOCUMENTS\SCHOOLWORK\GRADUATE\CSE598-COMPUTER GRAPHIC\ASSIGNMENT3\ASSIGNMENT3\DEBUG\FREEGLUT_STROKE_MONO_ROMAN.OBJ
D:\MY DOCUMENTS\KENNS\DOCUMENTS\SCHOOLWORK\GRADUATE\CSE598-COMPUTER GRAPHIC\ASSIGNMENT3\ASSIGNMENT3\DEBUG\FREEGLUT_STROKE_ROMAN.OBJ
D:\MY DOCUMENTS\KENNS\DOCUMENTS\SCHOOLWORK\GRADUATE\CSE598-COMPUTER GRAPHIC\ASSIGNMENT3\ASSIGNMENT3\DEBUG\FREEGLUT_STRUCTURE.OBJ
D:\MY DOCUMENTS\KENNS\DOCUMENTS\SCHOOLWORK\GRADUATE\CSE598-COMPUTER GRAPHIC\ASSIGNMENT3\ASSIGNMENT3\DEBUG\FREEGLUT_TEAPOT.OBJ
D:\MY DOCUMENTS\KENNS\DOCUMENTS\SCHOOLWORK\GRADUATE\CSE598-COMPUTER GRAPHIC\ASSIGNMENT3\ASSIGNMENT3\DEBUG\FREEGLUT_VIDEORESIZE.OBJ
D:\MY DOCUMENTS\KENNS\DOCUMENTS\SCHOOLWORK\GRADUATE\CSE598-COMPUTER GRAPHIC\ASSIGNMENT3\ASSIGNMENT3\DEBUG\FREEGLUT_WINDOW.OBJ
D:\MY DOCUMENTS\KENNS\DOCUMENTS\SCHOOLWORK\GRADUATE\CSE598-COMPUTER GRAPHIC\ASSIGNMENT3\ASSIGNMENT3\DEBUG\GLAPPLICATION.OBJ
D:\MY DOCUMENTS\KENNS\DOCUMENTS\SCHOOLWORK\GRADUATE\CSE598-COMPUTER GRAPHIC\ASSIGNMENT3\ASSIGNMENT3\DEBUG\GLEW.OBJ
D:\MY DOCUMENTS\KENNS\DOCUMENTS\SCHOOLWORK\GRADUATE\CSE598-COMPUTER GRAPHIC\ASSIGNMENT3\ASSIGNMENT3\DEBUG\GLSL.OBJ
D:\MY DOCUMENTS\KENNS\DOCUMENTS\SCHOOLWORK\GRADUATE\CSE598-COMPUTER GRAPHIC\ASSIGNMENT3\ASSIGNMENT3\DEBUG\GLUTWINDOW.OBJ
D:\MY DOCUMENTS\KENNS\DOCUMENTS\SCHOOLWORK\GRADUATE\CSE598-COMPUTER GRAPHIC\ASSIGNMENT3\ASSIGNMENT3\DEBUG\GLWINDOW.OBJ
D:\My Documents\kenns\Documents\Schoolwork\Graduate\CSE598-Computer Graphic\Assignment3\Assignment3\Debug\link.command.1.tlog
D:\My Documents\kenns\Documents\Schoolwork\Graduate\CSE598-Computer Graphic\Assignment3\Assignment3\Debug\link.read.1.tlog
D:\My Documents\kenns\Documents\Schoolwork\Graduate\CSE598-Computer Graphic\Assignment3\Assignment3\Debug\link.write.1.tlog
D:\MY DOCUMENTS\KENNS\DOCUMENTS\SCHOOLWORK\GRADUATE\CSE598-COMPUTER GRAPHIC\ASSIGNMENT3\ASSIGNMENT3\DEBUG\MAIN.OBJ
D:\My Documents\kenns\Documents\Schoolwork\Graduate\CSE598-Computer Graphic\Assignment3\Assignment3\Debug\mt.command.1.tlog
D:\My Documents\kenns\Documents\Schoolwork\Graduate\CSE598-Computer Graphic\Assignment3\Assignment3\Debug\mt.read.1.tlog
D:\My Documents\kenns\Documents\Schoolwork\Graduate\CSE598-Computer Graphic\Assignment3\Assignment3\Debug\mt.write.1.tlog
D:\MY DOCUMENTS\KENNS\DOCUMENTS\SCHOOLWORK\GRADUATE\CSE598-COMPUTER GRAPHIC\ASSIGNMENT3\ASSIGNMENT3\DEBUG\STB_IMAGE.OBJ
D:\MY DOCUMENTS\KENNS\DOCUMENTS\SCHOOLWORK\GRADUATE\CSE598-COMPUTER GRAPHIC\ASSIGNMENT3\ASSIGNMENT3\DEBUG\TEMPLATEPROJECT.EXE
D:\MY DOCUMENTS\KENNS\DOCUMENTS\SCHOOLWORK\GRADUATE\CSE598-COMPUTER GRAPHIC\ASSIGNMENT3\ASSIGNMENT3\DEBUG\TEMPLATEPROJECT.EXE.INTERMEDIATE.MANIFEST
D:\MY DOCUMENTS\KENNS\DOCUMENTS\SCHOOLWORK\GRADUATE\CSE598-COMPUTER GRAPHIC\ASSIGNMENT3\ASSIGNMENT3\DEBUG\TEMPLATEPROJECT.PDB
D:\My Documents\kenns\Documents\Schoolwork\Graduate\CSE598-Computer Graphic\Assignment3\Assignment3\Debug\TemplateProject.vcxprojResolveAssemblyReference.cache
D:\My Documents\kenns\Documents\Schoolwork\Graduate\CSE598-Computer Graphic\Assignment3\Assignment3\Debug\TemplateProject.write.1.tlog
D:\My Documents\kenns\Documents\Schoolwork\Graduate\CSE598-Computer Graphic\Assignment3\Assignment3\Debug\vc100.idb
D:\MY DOCUMENTS\KENNS\DOCUMENTS\SCHOOLWORK\GRADUATE\CSE598-COMPUTER GRAPHIC\ASSIGNMENT3\ASSIGNMENT3\DEBUG\VC100.PDB
Debug\TemplateProject.pdb
